{"name": "Login with valid credentials -- @1.3 ", "status": "broken", "statusDetails": {"message": "selenium.common.exceptions.NoSuchElementException: Message: no such element: Unable to locate element: {\"method\":\"link text\",\"selector\":\"Edit your account information\"}\n  (Session info: chrome=130.0.6723.117); For documentation on this error, please visit: https://www.selenium.dev/documentation/webdriver/troubleshooting/errors#no-such-element-exception\nStacktrace:\n\tGetHandleVerifier [0x00007FF6E4B138A5+3004357]\n\t(No symbol) [0x00007FF6E47A9970]\n\t(No symbol) [0x00007FF6E465582A]\n\t(No symbol) [0x00007FF6E46A5B8E]\n\t(No symbol) [0x00007FF6E46A5E7C]\n\t(No symbol) [0x00007FF6E46EEC27]\n\t(No symbol) [0x00007FF6E46CBC1F]\n\t(No symbol) [0x00007FF6E46EBA4C]\n\t(No symbol) [0x00007FF6E46CB983]\n\t(No symbol) [0x00007FF6E4697628]\n\t(No symbol) [0x00007FF6E4698791]\n\tGetHandleVerifier [0x00007FF6E4B3A00D+3161901]\n\tGetHandleVerifier [0x00007FF6E4B8E060+3506048]\n\tGetHandleVerifier [0x00007FF6E4B8400D+3465005]\n\tGetHandleVerifier [0x00007FF6E4900EEB+830987]\n\t(No symbol) [0x00007FF6E47B467F]\n\t(No symbol) [0x00007FF6E47B09D4]\n\t(No symbol) [0x00007FF6E47B0B6D]\n\t(No symbol) [0x00007FF6E47A0149]\n\tBaseThreadInitThunk [0x00007FF92C247344+20]\n\tRtlUserThreadStart [0x00007FF92C4BCC91+33]\n\n", "trace": "  File \"d:\\dj_sites\\bdd_python_framework\\venv\\lib\\site-packages\\behave\\model.py\", line 1329, in run\n    match.run(runner.context)\n  File \"d:\\dj_sites\\bdd_python_framework\\venv\\lib\\site-packages\\behave\\matchers.py\", line 98, in run\n    self.func(context, *args, **kwargs)\n  File \"features\\steps\\login.py\", line 28, in step_impl\n    assert context.account_page.display_status_of_edit_your_account_information_option()\n  File \"D:\\dj_sites\\BDD_PYTHON_FRAMEWORK\\features\\pages\\AccountPage.py\", line 14, in display_status_of_edit_your_account_information_option\n    return self.driver.find_element(By.LINK_TEXT,\n  File \"d:\\dj_sites\\bdd_python_framework\\venv\\lib\\site-packages\\selenium\\webdriver\\remote\\webdriver.py\", line 766, in find_element\n    return self.execute(Command.FIND_ELEMENT, {\"using\": by, \"value\": value})[\"value\"]\n  File \"d:\\dj_sites\\bdd_python_framework\\venv\\lib\\site-packages\\selenium\\webdriver\\remote\\webdriver.py\", line 380, in execute\n    self.error_handler.check_response(response)\n  File \"d:\\dj_sites\\bdd_python_framework\\venv\\lib\\site-packages\\selenium\\webdriver\\remote\\errorhandler.py\", line 229, in check_response\n    raise exception_class(message, screen, stacktrace)\n"}, "steps": [{"name": "Given I navigated to Login page", "status": "passed", "start": 1731946793448, "stop": 1731946793847}, {"name": "When I enter valid email address as \"andrte12@i.ua\" and valid password as \"1234567\" into the fields", "status": "passed", "start": 1731946793847, "stop": 1731946795452}, {"name": "And I click on Login button", "status": "passed", "start": 1731946795452, "stop": 1731946796178}, {"name": "Then I should get logged in", "status": "broken", "statusDetails": {"message": "selenium.common.exceptions.NoSuchElementException: Message: no such element: Unable to locate element: {\"method\":\"link text\",\"selector\":\"Edit your account information\"}\n  (Session info: chrome=130.0.6723.117); For documentation on this error, please visit: https://www.selenium.dev/documentation/webdriver/troubleshooting/errors#no-such-element-exception\nStacktrace:\n\tGetHandleVerifier [0x00007FF6E4B138A5+3004357]\n\t(No symbol) [0x00007FF6E47A9970]\n\t(No symbol) [0x00007FF6E465582A]\n\t(No symbol) [0x00007FF6E46A5B8E]\n\t(No symbol) [0x00007FF6E46A5E7C]\n\t(No symbol) [0x00007FF6E46EEC27]\n\t(No symbol) [0x00007FF6E46CBC1F]\n\t(No symbol) [0x00007FF6E46EBA4C]\n\t(No symbol) [0x00007FF6E46CB983]\n\t(No symbol) [0x00007FF6E4697628]\n\t(No symbol) [0x00007FF6E4698791]\n\tGetHandleVerifier [0x00007FF6E4B3A00D+3161901]\n\tGetHandleVerifier [0x00007FF6E4B8E060+3506048]\n\tGetHandleVerifier [0x00007FF6E4B8400D+3465005]\n\tGetHandleVerifier [0x00007FF6E4900EEB+830987]\n\t(No symbol) [0x00007FF6E47B467F]\n\t(No symbol) [0x00007FF6E47B09D4]\n\t(No symbol) [0x00007FF6E47B0B6D]\n\t(No symbol) [0x00007FF6E47A0149]\n\tBaseThreadInitThunk [0x00007FF92C247344+20]\n\tRtlUserThreadStart [0x00007FF92C4BCC91+33]\n\n", "trace": "  File \"d:\\dj_sites\\bdd_python_framework\\venv\\lib\\site-packages\\behave\\model.py\", line 1329, in run\n    match.run(runner.context)\n  File \"d:\\dj_sites\\bdd_python_framework\\venv\\lib\\site-packages\\behave\\matchers.py\", line 98, in run\n    self.func(context, *args, **kwargs)\n  File \"features\\steps\\login.py\", line 28, in step_impl\n    assert context.account_page.display_status_of_edit_your_account_information_option()\n  File \"D:\\dj_sites\\BDD_PYTHON_FRAMEWORK\\features\\pages\\AccountPage.py\", line 14, in display_status_of_edit_your_account_information_option\n    return self.driver.find_element(By.LINK_TEXT,\n  File \"d:\\dj_sites\\bdd_python_framework\\venv\\lib\\site-packages\\selenium\\webdriver\\remote\\webdriver.py\", line 766, in find_element\n    return self.execute(Command.FIND_ELEMENT, {\"using\": by, \"value\": value})[\"value\"]\n  File \"d:\\dj_sites\\bdd_python_framework\\venv\\lib\\site-packages\\selenium\\webdriver\\remote\\webdriver.py\", line 380, in execute\n    self.error_handler.check_response(response)\n  File \"d:\\dj_sites\\bdd_python_framework\\venv\\lib\\site-packages\\selenium\\webdriver\\remote\\errorhandler.py\", line 229, in check_response\n    raise exception_class(message, screen, stacktrace)\n"}, "start": 1731946796178, "stop": 1731946796217}], "parameters": [{"name": "email", "value": "andrte12@i.ua"}, {"name": "password", "value": "1234567"}], "start": 1731946780087, "stop": 1731946798379, "uuid": "8141ad2c-6e39-44fc-9c61-1d0f5c29da82", "historyId": "67ed8db189ca06d3c8981cb780692b50", "fullName": "Login Functionality: Login with valid credentials", "labels": [{"name": "severity", "value": "normal"}, {"name": "tag", "value": "login"}, {"name": "tag", "value": "only"}, {"name": "feature", "value": "Login Functionality"}, {"name": "framework", "value": "behave"}, {"name": "language", "value": "cpython3"}]}